{
"C:\\MyFiles\\React\\viewmodel-react-docs\\src\\imports\\ReactDocumentation\\Basics\\Testing\\World\\World.js":{"path":"C:\\MyFiles\\React\\viewmodel-react-docs\\src\\imports\\ReactDocumentation\\Basics\\Testing\\World\\World.js","statementMap":{"1":{"start":{"line":1,"column":39},"end":{"line":1,"column":101}},"2":{"start":{"line":1,"column":101},"end":{"line":1,"column":127}},"3":{"start":{"line":1,"column":146},"end":{"line":1,"column":675}},"4":{"start":{"line":1,"column":201},"end":{"line":1,"column":466}},"5":{"start":{"line":1,"column":258},"end":{"line":1,"column":266}},"6":{"start":{"line":1,"column":267},"end":{"line":1,"column":322}},"7":{"start":{"line":1,"column":322},"end":{"line":1,"column":353}},"8":{"start":{"line":1,"column":353},"end":{"line":1,"column":407}},"9":{"start":{"line":1,"column":380},"end":{"line":1,"column":407}},"10":{"start":{"line":1,"column":407},"end":{"line":1,"column":465}},"11":{"start":{"line":1,"column":467},"end":{"line":1,"column":672}},"12":{"start":{"line":1,"column":523},"end":{"line":1,"column":591}},"13":{"start":{"line":1,"column":539},"end":{"line":1,"column":591}},"14":{"start":{"line":1,"column":591},"end":{"line":1,"column":651}},"15":{"start":{"line":1,"column":608},"end":{"line":1,"column":651}},"16":{"start":{"line":1,"column":651},"end":{"line":1,"column":670}},"17":{"start":{"line":1,"column":698},"end":{"line":1,"column":724}},"18":{"start":{"line":1,"column":748},"end":{"line":1,"column":787}},"19":{"start":{"line":1,"column":801},"end":{"line":1,"column":817}},"20":{"start":{"line":1,"column":832},"end":{"line":1,"column":862}},"21":{"start":{"line":1,"column":901},"end":{"line":1,"column":955}},"22":{"start":{"line":1,"column":1005},"end":{"line":1,"column":1104}},"23":{"start":{"line":1,"column":1046},"end":{"line":1,"column":1103}},"24":{"start":{"line":1,"column":1154},"end":{"line":1,"column":1253}},"25":{"start":{"line":1,"column":1166},"end":{"line":1,"column":1252}},"26":{"start":{"line":1,"column":1253},"end":{"line":1,"column":1339}},"27":{"start":{"line":1,"column":1382},"end":{"line":1,"column":1545}},"28":{"start":{"line":1,"column":1444},"end":{"line":1,"column":1544}},"29":{"start":{"line":1,"column":1545},"end":{"line":1,"column":1709}},"30":{"start":{"line":1,"column":1709},"end":{"line":1,"column":1827}},"31":{"start":{"line":1,"column":1725},"end":{"line":1,"column":1827}},"32":{"start":{"line":1,"column":1840},"end":{"line":5,"column":571}},"33":{"start":{"line":1,"column":1885},"end":{"line":1,"column":1920}},"34":{"start":{"line":1,"column":1920},"end":{"line":5,"column":299}},"35":{"start":{"line":1,"column":1984},"end":{"line":5,"column":293}},"36":{"start":{"line":5,"column":322},"end":{"line":5,"column":351}},"37":{"start":{"line":5,"column":363},"end":{"line":5,"column":443}},"38":{"start":{"line":5,"column":444},"end":{"line":5,"column":516}},"39":{"start":{"line":5,"column":516},"end":{"line":5,"column":529}},"40":{"start":{"line":5,"column":530},"end":{"line":5,"column":543}}},"fnMap":{"1":{"name":"(anonymous_1)","decl":{"start":{"line":1,"column":146},"end":{"line":1,"column":147}},"loc":{"start":{"line":1,"column":158},"end":{"line":1,"column":673}}},"2":{"name":"defineProperties","decl":{"start":{"line":1,"column":168},"end":{"line":1,"column":184}},"loc":{"start":{"line":1,"column":200},"end":{"line":1,"column":467}}},"3":{"name":"(anonymous_3)","decl":{"start":{"line":1,"column":474},"end":{"line":1,"column":475}},"loc":{"start":{"line":1,"column":522},"end":{"line":1,"column":671}}},"4":{"name":"_interopRequireDefault","decl":{"start":{"line":1,"column":872},"end":{"line":1,"column":894}},"loc":{"start":{"line":1,"column":900},"end":{"line":1,"column":956}}},"5":{"name":"_classCallCheck","decl":{"start":{"line":1,"column":965},"end":{"line":1,"column":980}},"loc":{"start":{"line":1,"column":1004},"end":{"line":1,"column":1105}}},"6":{"name":"_possibleConstructorReturn","decl":{"start":{"line":1,"column":1114},"end":{"line":1,"column":1140}},"loc":{"start":{"line":1,"column":1153},"end":{"line":1,"column":1340}}},"7":{"name":"_inherits","decl":{"start":{"line":1,"column":1349},"end":{"line":1,"column":1358}},"loc":{"start":{"line":1,"column":1381},"end":{"line":1,"column":1828}}},"8":{"name":"(anonymous_8)","decl":{"start":{"line":1,"column":1856},"end":{"line":1,"column":1857}},"loc":{"start":{"line":1,"column":1884},"end":{"line":5,"column":544}}},"9":{"name":"render","decl":{"start":{"line":1,"column":1974},"end":{"line":1,"column":1980}},"loc":{"start":{"line":1,"column":1983},"end":{"line":5,"column":294}}},"10":{"name":"World","decl":{"start":{"line":5,"column":308},"end":{"line":5,"column":313}},"loc":{"start":{"line":5,"column":321},"end":{"line":5,"column":530}}}},"branchMap":{"1":{"loc":{"start":{"line":1,"column":291},"end":{"line":1,"column":321}},"type":"binary-expr","locations":[{"start":{"line":1,"column":291},"end":{"line":1,"column":312}},{"start":{"line":1,"column":316},"end":{"line":1,"column":321}}]},"2":{"loc":{"start":{"line":1,"column":353},"end":{"line":1,"column":407}},"type":"if","locations":[{"start":{"line":1,"column":353},"end":{"line":1,"column":407}},{"start":{"line":1,"column":353},"end":{"line":1,"column":407}}]},"3":{"loc":{"start":{"line":1,"column":523},"end":{"line":1,"column":591}},"type":"if","locations":[{"start":{"line":1,"column":523},"end":{"line":1,"column":591}},{"start":{"line":1,"column":523},"end":{"line":1,"column":591}}]},"4":{"loc":{"start":{"line":1,"column":591},"end":{"line":1,"column":651}},"type":"if","locations":[{"start":{"line":1,"column":591},"end":{"line":1,"column":651}},{"start":{"line":1,"column":591},"end":{"line":1,"column":651}}]},"5":{"loc":{"start":{"line":1,"column":908},"end":{"line":1,"column":954}},"type":"cond-expr","locations":[{"start":{"line":1,"column":932},"end":{"line":1,"column":935}},{"start":{"line":1,"column":938},"end":{"line":1,"column":954}}]},"6":{"loc":{"start":{"line":1,"column":908},"end":{"line":1,"column":929}},"type":"binary-expr","locations":[{"start":{"line":1,"column":908},"end":{"line":1,"column":911}},{"start":{"line":1,"column":915},"end":{"line":1,"column":929}}]},"7":{"loc":{"start":{"line":1,"column":1005},"end":{"line":1,"column":1104}},"type":"if","locations":[{"start":{"line":1,"column":1005},"end":{"line":1,"column":1104}},{"start":{"line":1,"column":1005},"end":{"line":1,"column":1104}}]},"8":{"loc":{"start":{"line":1,"column":1154},"end":{"line":1,"column":1253}},"type":"if","locations":[{"start":{"line":1,"column":1154},"end":{"line":1,"column":1253}},{"start":{"line":1,"column":1154},"end":{"line":1,"column":1253}}]},"9":{"loc":{"start":{"line":1,"column":1260},"end":{"line":1,"column":1338}},"type":"cond-expr","locations":[{"start":{"line":1,"column":1327},"end":{"line":1,"column":1331}},{"start":{"line":1,"column":1334},"end":{"line":1,"column":1338}}]},"10":{"loc":{"start":{"line":1,"column":1260},"end":{"line":1,"column":1324}},"type":"binary-expr","locations":[{"start":{"line":1,"column":1260},"end":{"line":1,"column":1264}},{"start":{"line":1,"column":1269},"end":{"line":1,"column":1293}},{"start":{"line":1,"column":1297},"end":{"line":1,"column":1323}}]},"11":{"loc":{"start":{"line":1,"column":1382},"end":{"line":1,"column":1545}},"type":"if","locations":[{"start":{"line":1,"column":1382},"end":{"line":1,"column":1545}},{"start":{"line":1,"column":1382},"end":{"line":1,"column":1545}}]},"12":{"loc":{"start":{"line":1,"column":1386},"end":{"line":1,"column":1441}},"type":"binary-expr","locations":[{"start":{"line":1,"column":1386},"end":{"line":1,"column":1418}},{"start":{"line":1,"column":1422},"end":{"line":1,"column":1441}}]},"13":{"loc":{"start":{"line":1,"column":1580},"end":{"line":1,"column":1614}},"type":"binary-expr","locations":[{"start":{"line":1,"column":1580},"end":{"line":1,"column":1590}},{"start":{"line":1,"column":1594},"end":{"line":1,"column":1614}}]},"14":{"loc":{"start":{"line":1,"column":1709},"end":{"line":1,"column":1827}},"type":"if","locations":[{"start":{"line":1,"column":1709},"end":{"line":1,"column":1827}},{"start":{"line":1,"column":1709},"end":{"line":1,"column":1827}}]},"15":{"loc":{"start":{"line":1,"column":1725},"end":{"line":1,"column":1826}},"type":"cond-expr","locations":[{"start":{"line":1,"column":1749},"end":{"line":1,"column":1792}},{"start":{"line":1,"column":1795},"end":{"line":1,"column":1826}}]}},"s":{"1":1,"2":1,"3":1,"4":1,"5":1,"6":1,"7":1,"8":1,"9":1,"10":1,"11":1,"12":1,"13":1,"14":1,"15":0,"16":1,"17":1,"18":1,"19":1,"20":1,"21":2,"22":3,"23":0,"24":3,"25":0,"26":3,"27":1,"28":0,"29":1,"30":1,"31":1,"32":1,"33":1,"34":1,"35":1,"36":3,"37":3,"38":3,"39":3,"40":1},"f":{"1":1,"2":1,"3":1,"4":2,"5":3,"6":3,"7":1,"8":1,"9":1,"10":3},"b":{"1":[1,1],"2":[1,0],"3":[1,0],"4":[0,1],"5":[1,1],"6":[2,2],"7":[0,3],"8":[0,3],"9":[0,3],"10":[3,0,0],"11":[0,1],"12":[1,0],"13":[1,1],"14":[1,0],"15":[1,0]},"hash":"886ac66cdc1c1492f271b9fa6f1a8f8c23d8e8f8","l":{"1":3,"5":3}},
"C:\\MyFiles\\React\\viewmodel-react-docs\\src\\imports\\ReactDocumentation\\Basics\\Testing\\Person\\Person.js":{"path":"C:\\MyFiles\\React\\viewmodel-react-docs\\src\\imports\\ReactDocumentation\\Basics\\Testing\\Person\\Person.js","statementMap":{"1":{"start":{"line":1,"column":39},"end":{"line":1,"column":101}},"2":{"start":{"line":1,"column":101},"end":{"line":1,"column":128}},"3":{"start":{"line":1,"column":147},"end":{"line":1,"column":676}},"4":{"start":{"line":1,"column":202},"end":{"line":1,"column":467}},"5":{"start":{"line":1,"column":259},"end":{"line":1,"column":267}},"6":{"start":{"line":1,"column":268},"end":{"line":1,"column":323}},"7":{"start":{"line":1,"column":323},"end":{"line":1,"column":354}},"8":{"start":{"line":1,"column":354},"end":{"line":1,"column":408}},"9":{"start":{"line":1,"column":381},"end":{"line":1,"column":408}},"10":{"start":{"line":1,"column":408},"end":{"line":1,"column":466}},"11":{"start":{"line":1,"column":468},"end":{"line":1,"column":673}},"12":{"start":{"line":1,"column":524},"end":{"line":1,"column":592}},"13":{"start":{"line":1,"column":540},"end":{"line":1,"column":592}},"14":{"start":{"line":1,"column":592},"end":{"line":1,"column":652}},"15":{"start":{"line":1,"column":609},"end":{"line":1,"column":652}},"16":{"start":{"line":1,"column":652},"end":{"line":1,"column":671}},"17":{"start":{"line":1,"column":699},"end":{"line":1,"column":725}},"18":{"start":{"line":1,"column":749},"end":{"line":1,"column":788}},"19":{"start":{"line":1,"column":802},"end":{"line":1,"column":818}},"20":{"start":{"line":1,"column":833},"end":{"line":1,"column":863}},"21":{"start":{"line":1,"column":902},"end":{"line":1,"column":956}},"22":{"start":{"line":1,"column":1006},"end":{"line":1,"column":1105}},"23":{"start":{"line":1,"column":1047},"end":{"line":1,"column":1104}},"24":{"start":{"line":1,"column":1155},"end":{"line":1,"column":1254}},"25":{"start":{"line":1,"column":1167},"end":{"line":1,"column":1253}},"26":{"start":{"line":1,"column":1254},"end":{"line":1,"column":1340}},"27":{"start":{"line":1,"column":1383},"end":{"line":1,"column":1546}},"28":{"start":{"line":1,"column":1445},"end":{"line":1,"column":1545}},"29":{"start":{"line":1,"column":1546},"end":{"line":1,"column":1710}},"30":{"start":{"line":1,"column":1710},"end":{"line":1,"column":1828}},"31":{"start":{"line":1,"column":1726},"end":{"line":1,"column":1828}},"32":{"start":{"line":1,"column":1842},"end":{"line":20,"column":907}},"33":{"start":{"line":1,"column":1888},"end":{"line":1,"column":1924}},"34":{"start":{"line":1,"column":1924},"end":{"line":20,"column":383}},"35":{"start":{"line":1,"column":1989},"end":{"line":20,"column":377}},"36":{"start":{"line":20,"column":407},"end":{"line":20,"column":437}},"37":{"start":{"line":20,"column":449},"end":{"line":20,"column":530}},"38":{"start":{"line":20,"column":531},"end":{"line":20,"column":851}},"39":{"start":{"line":20,"column":798},"end":{"line":20,"column":846}},"40":{"start":{"line":20,"column":851},"end":{"line":20,"column":864}},"41":{"start":{"line":20,"column":865},"end":{"line":20,"column":879}}},"fnMap":{"1":{"name":"(anonymous_1)","decl":{"start":{"line":1,"column":147},"end":{"line":1,"column":148}},"loc":{"start":{"line":1,"column":159},"end":{"line":1,"column":674}}},"2":{"name":"defineProperties","decl":{"start":{"line":1,"column":169},"end":{"line":1,"column":185}},"loc":{"start":{"line":1,"column":201},"end":{"line":1,"column":468}}},"3":{"name":"(anonymous_3)","decl":{"start":{"line":1,"column":475},"end":{"line":1,"column":476}},"loc":{"start":{"line":1,"column":523},"end":{"line":1,"column":672}}},"4":{"name":"_interopRequireDefault","decl":{"start":{"line":1,"column":873},"end":{"line":1,"column":895}},"loc":{"start":{"line":1,"column":901},"end":{"line":1,"column":957}}},"5":{"name":"_classCallCheck","decl":{"start":{"line":1,"column":966},"end":{"line":1,"column":981}},"loc":{"start":{"line":1,"column":1005},"end":{"line":1,"column":1106}}},"6":{"name":"_possibleConstructorReturn","decl":{"start":{"line":1,"column":1115},"end":{"line":1,"column":1141}},"loc":{"start":{"line":1,"column":1154},"end":{"line":1,"column":1341}}},"7":{"name":"_inherits","decl":{"start":{"line":1,"column":1350},"end":{"line":1,"column":1359}},"loc":{"start":{"line":1,"column":1382},"end":{"line":1,"column":1829}}},"8":{"name":"(anonymous_8)","decl":{"start":{"line":1,"column":1859},"end":{"line":1,"column":1860}},"loc":{"start":{"line":1,"column":1887},"end":{"line":20,"column":880}}},"9":{"name":"render","decl":{"start":{"line":1,"column":1979},"end":{"line":1,"column":1985}},"loc":{"start":{"line":1,"column":1988},"end":{"line":20,"column":378}}},"10":{"name":"Person","decl":{"start":{"line":20,"column":392},"end":{"line":20,"column":398}},"loc":{"start":{"line":20,"column":406},"end":{"line":20,"column":865}}},"11":{"name":"fullName","decl":{"start":{"line":20,"column":786},"end":{"line":20,"column":794}},"loc":{"start":{"line":20,"column":797},"end":{"line":20,"column":847}}}},"branchMap":{"1":{"loc":{"start":{"line":1,"column":292},"end":{"line":1,"column":322}},"type":"binary-expr","locations":[{"start":{"line":1,"column":292},"end":{"line":1,"column":313}},{"start":{"line":1,"column":317},"end":{"line":1,"column":322}}]},"2":{"loc":{"start":{"line":1,"column":354},"end":{"line":1,"column":408}},"type":"if","locations":[{"start":{"line":1,"column":354},"end":{"line":1,"column":408}},{"start":{"line":1,"column":354},"end":{"line":1,"column":408}}]},"3":{"loc":{"start":{"line":1,"column":524},"end":{"line":1,"column":592}},"type":"if","locations":[{"start":{"line":1,"column":524},"end":{"line":1,"column":592}},{"start":{"line":1,"column":524},"end":{"line":1,"column":592}}]},"4":{"loc":{"start":{"line":1,"column":592},"end":{"line":1,"column":652}},"type":"if","locations":[{"start":{"line":1,"column":592},"end":{"line":1,"column":652}},{"start":{"line":1,"column":592},"end":{"line":1,"column":652}}]},"5":{"loc":{"start":{"line":1,"column":909},"end":{"line":1,"column":955}},"type":"cond-expr","locations":[{"start":{"line":1,"column":933},"end":{"line":1,"column":936}},{"start":{"line":1,"column":939},"end":{"line":1,"column":955}}]},"6":{"loc":{"start":{"line":1,"column":909},"end":{"line":1,"column":930}},"type":"binary-expr","locations":[{"start":{"line":1,"column":909},"end":{"line":1,"column":912}},{"start":{"line":1,"column":916},"end":{"line":1,"column":930}}]},"7":{"loc":{"start":{"line":1,"column":1006},"end":{"line":1,"column":1105}},"type":"if","locations":[{"start":{"line":1,"column":1006},"end":{"line":1,"column":1105}},{"start":{"line":1,"column":1006},"end":{"line":1,"column":1105}}]},"8":{"loc":{"start":{"line":1,"column":1155},"end":{"line":1,"column":1254}},"type":"if","locations":[{"start":{"line":1,"column":1155},"end":{"line":1,"column":1254}},{"start":{"line":1,"column":1155},"end":{"line":1,"column":1254}}]},"9":{"loc":{"start":{"line":1,"column":1261},"end":{"line":1,"column":1339}},"type":"cond-expr","locations":[{"start":{"line":1,"column":1328},"end":{"line":1,"column":1332}},{"start":{"line":1,"column":1335},"end":{"line":1,"column":1339}}]},"10":{"loc":{"start":{"line":1,"column":1261},"end":{"line":1,"column":1325}},"type":"binary-expr","locations":[{"start":{"line":1,"column":1261},"end":{"line":1,"column":1265}},{"start":{"line":1,"column":1270},"end":{"line":1,"column":1294}},{"start":{"line":1,"column":1298},"end":{"line":1,"column":1324}}]},"11":{"loc":{"start":{"line":1,"column":1383},"end":{"line":1,"column":1546}},"type":"if","locations":[{"start":{"line":1,"column":1383},"end":{"line":1,"column":1546}},{"start":{"line":1,"column":1383},"end":{"line":1,"column":1546}}]},"12":{"loc":{"start":{"line":1,"column":1387},"end":{"line":1,"column":1442}},"type":"binary-expr","locations":[{"start":{"line":1,"column":1387},"end":{"line":1,"column":1419}},{"start":{"line":1,"column":1423},"end":{"line":1,"column":1442}}]},"13":{"loc":{"start":{"line":1,"column":1581},"end":{"line":1,"column":1615}},"type":"binary-expr","locations":[{"start":{"line":1,"column":1581},"end":{"line":1,"column":1591}},{"start":{"line":1,"column":1595},"end":{"line":1,"column":1615}}]},"14":{"loc":{"start":{"line":1,"column":1710},"end":{"line":1,"column":1828}},"type":"if","locations":[{"start":{"line":1,"column":1710},"end":{"line":1,"column":1828}},{"start":{"line":1,"column":1710},"end":{"line":1,"column":1828}}]},"15":{"loc":{"start":{"line":1,"column":1726},"end":{"line":1,"column":1827}},"type":"cond-expr","locations":[{"start":{"line":1,"column":1750},"end":{"line":1,"column":1793}},{"start":{"line":1,"column":1796},"end":{"line":1,"column":1827}}]}},"s":{"1":1,"2":1,"3":1,"4":1,"5":1,"6":1,"7":1,"8":1,"9":1,"10":1,"11":1,"12":1,"13":1,"14":1,"15":0,"16":1,"17":1,"18":1,"19":1,"20":1,"21":2,"22":8,"23":0,"24":8,"25":0,"26":8,"27":1,"28":0,"29":1,"30":1,"31":1,"32":1,"33":1,"34":1,"35":1,"36":8,"37":8,"38":8,"39":2,"40":8,"41":1},"f":{"1":1,"2":1,"3":1,"4":2,"5":8,"6":8,"7":1,"8":1,"9":1,"10":8,"11":2},"b":{"1":[1,1],"2":[1,0],"3":[1,0],"4":[0,1],"5":[1,1],"6":[2,2],"7":[0,8],"8":[0,8],"9":[0,8],"10":[8,0,0],"11":[0,1],"12":[1,0],"13":[1,1],"14":[1,0],"15":[1,0]},"hash":"057e64e23fe075ef44b2f447532be43aef4f3fd3","l":{"1":8,"20":8}}}
