TN:
SF:C:\MyFiles\React\viewmodel-react-docs\src\imports\ReactDocumentation\Basics\Testing\World\World.js
FN:,(anonymous_1)
FN:,defineProperties
FN:,(anonymous_3)
FN:,_interopRequireDefault
FN:,_classCallCheck
FN:,_possibleConstructorReturn
FN:,_inherits
FN:,(anonymous_8)
FN:,render
FN:,World
FNF:10
FNH:10
FNDA:1,(anonymous_1)
FNDA:1,defineProperties
FNDA:1,(anonymous_3)
FNDA:2,_interopRequireDefault
FNDA:3,_classCallCheck
FNDA:3,_possibleConstructorReturn
FNDA:1,_inherits
FNDA:1,(anonymous_8)
FNDA:1,render
FNDA:3,World
DA:1,3
DA:5,3
LF:2
LH:2
BRDA:,1,0,1
BRDA:,1,1,1
BRDA:,2,0,1
BRDA:,2,1,0
BRDA:,3,0,1
BRDA:,3,1,0
BRDA:,4,0,0
BRDA:,4,1,1
BRDA:,5,0,1
BRDA:,5,1,1
BRDA:,6,0,2
BRDA:,6,1,2
BRDA:,7,0,0
BRDA:,7,1,3
BRDA:,8,0,0
BRDA:,8,1,3
BRDA:,9,0,0
BRDA:,9,1,3
BRDA:,10,0,3
BRDA:,10,1,0
BRDA:,10,2,0
BRDA:,11,0,0
BRDA:,11,1,1
BRDA:,12,0,1
BRDA:,12,1,0
BRDA:,13,0,1
BRDA:,13,1,1
BRDA:,14,0,1
BRDA:,14,1,0
BRDA:,15,0,1
BRDA:,15,1,0
BRF:31
BRH:19
end_of_record
TN:
SF:C:\MyFiles\React\viewmodel-react-docs\src\imports\ReactDocumentation\Basics\Testing\Person\Person.js
FN:,(anonymous_1)
FN:,defineProperties
FN:,(anonymous_3)
FN:,_interopRequireDefault
FN:,_classCallCheck
FN:,_possibleConstructorReturn
FN:,_inherits
FN:,(anonymous_8)
FN:,render
FN:,Person
FN:,fullName
FNF:11
FNH:11
FNDA:1,(anonymous_1)
FNDA:1,defineProperties
FNDA:1,(anonymous_3)
FNDA:2,_interopRequireDefault
FNDA:8,_classCallCheck
FNDA:8,_possibleConstructorReturn
FNDA:1,_inherits
FNDA:1,(anonymous_8)
FNDA:1,render
FNDA:8,Person
FNDA:2,fullName
DA:1,8
DA:20,8
LF:2
LH:2
BRDA:,1,0,1
BRDA:,1,1,1
BRDA:,2,0,1
BRDA:,2,1,0
BRDA:,3,0,1
BRDA:,3,1,0
BRDA:,4,0,0
BRDA:,4,1,1
BRDA:,5,0,1
BRDA:,5,1,1
BRDA:,6,0,2
BRDA:,6,1,2
BRDA:,7,0,0
BRDA:,7,1,8
BRDA:,8,0,0
BRDA:,8,1,8
BRDA:,9,0,0
BRDA:,9,1,8
BRDA:,10,0,8
BRDA:,10,1,0
BRDA:,10,2,0
BRDA:,11,0,0
BRDA:,11,1,1
BRDA:,12,0,1
BRDA:,12,1,0
BRDA:,13,0,1
BRDA:,13,1,1
BRDA:,14,0,1
BRDA:,14,1,0
BRDA:,15,0,1
BRDA:,15,1,0
BRF:31
BRH:19
end_of_record
